# !SESSION 2024-10-26 08:12:15.968
# version: 1.1
# verbose: true
# The following option strings are specified for this debug session:
# 	null
| Worker-9: Setup scanner extension configuration | 2024-10-26 08:12:15.968 | com.iar.ide.common | /debug | com.iar.ide.common.logging.Logger | traceFile | 197 | SDK location does not exist: null |
# !SESSION 2024-10-26 08:17:29.587
# version: 1.1
# verbose: true
# The following option strings are specified for this debug session:
# 	null
| Worker-9: Setup scanner extension configuration | 2024-10-26 08:17:29.587 | com.iar.ide.common | /debug | com.iar.ide.common.logging.Logger | traceFile | 197 | SDK location does not exist: null |
# !SESSION 2024-10-29 11:08:44.224
# version: 1.1
# verbose: true
# The following option strings are specified for this debug session:
# 	null
| Worker-1: Setup scanner extension configuration | 2024-10-29 11:08:44.224 | com.iar.ide.common | /debug | com.iar.ide.common.logging.Logger | traceFile | 197 | SDK location does not exist: null |
# !SESSION 2024-10-29 13:38:01.303
# version: 1.1
# verbose: true
# The following option strings are specified for this debug session:
# 	null
| Worker-1: Setup scanner extension configuration | 2024-10-29 13:38:01.303 | com.iar.ide.common | /debug | com.iar.ide.common.logging.Logger | traceFile | 197 | SDK location does not exist: null |
# !SESSION 2024-10-31 11:42:48.123
# version: 1.1
# verbose: true
# The following option strings are specified for this debug session:
# 	null
| Worker-3: Setup scanner extension configuration | 2024-10-31 11:42:48.123 | com.iar.ide.common | /debug | com.iar.ide.common.logging.Logger | traceFile | 197 | SDK location does not exist: null |
# !SESSION 2024-10-31 12:16:35.620
# version: 1.1
# verbose: true
# The following option strings are specified for this debug session:
# 	null
| Worker-1: Setup scanner extension configuration | 2024-10-31 12:16:35.620 | com.iar.ide.common | /debug | com.iar.ide.common.logging.Logger | traceFile | 197 | SDK location does not exist: null |
# !SESSION 2024-11-01 14:46:49.669
# version: 1.1
# verbose: true
# The following option strings are specified for this debug session:
# 	null
| Worker-1: Setup scanner extension configuration | 2024-11-01 14:46:49.669 | com.iar.ide.common | /debug | com.iar.ide.common.logging.Logger | traceFile | 197 | SDK location does not exist: null |
# !SESSION 2024-11-01 16:31:56.004
# version: 1.1
# verbose: true
# The following option strings are specified for this debug session:
# 	null
| Worker-4: Setup scanner extension configuration | 2024-11-01 16:31:56.004 | com.iar.ide.common | /debug | com.iar.ide.common.logging.Logger | traceFile | 197 | SDK location does not exist: null |
# !SESSION 2024-11-01 22:12:25.131
# version: 1.1
# verbose: true
# The following option strings are specified for this debug session:
# 	null
| Worker-7: Setup scanner extension configuration | 2024-11-01 22:12:25.131 | com.iar.ide.common | /debug | com.iar.ide.common.logging.Logger | traceFile | 197 | SDK location does not exist: null |
# !SESSION 2024-11-02 07:50:10.287
# version: 1.1
# verbose: true
# The following option strings are specified for this debug session:
# 	null
| Worker-2: Setup scanner extension configuration | 2024-11-02 07:50:10.287 | com.iar.ide.common | /debug | com.iar.ide.common.logging.Logger | traceFile | 197 | SDK location does not exist: null |
# !SESSION 2024-11-08 14:23:38.375
# version: 1.1
# verbose: true
# The following option strings are specified for this debug session:
# 	null
| Worker-2: Setup scanner extension configuration | 2024-11-08 14:23:38.375 | com.iar.ide.common | /debug | com.iar.ide.common.logging.Logger | traceFile | 197 | SDK location does not exist: null |
# !SESSION 2024-11-09 07:29:24.811
# version: 1.1
# verbose: true
# The following option strings are specified for this debug session:
# 	null
| Worker-7: Setup scanner extension configuration | 2024-11-09 07:29:24.811 | com.iar.ide.common | /debug | com.iar.ide.common.logging.Logger | traceFile | 197 | SDK location does not exist: null |
# !SESSION 2024-11-20 13:48:54.021
# version: 1.1
# verbose: true
# The following option strings are specified for this debug session:
# 	null
| Worker-11: Setup scanner extension configuration | 2024-11-20 13:48:54.021 | com.iar.ide.common | /debug | com.iar.ide.common.logging.Logger | traceFile | 197 | SDK location does not exist: null |
# !SESSION 2024-11-30 07:47:18.215
# version: 1.1
# verbose: true
# The following option strings are specified for this debug session:
# 	null
| Worker-2: Setup scanner extension configuration | 2024-11-30 07:47:18.215 | com.iar.ide.common | /debug | com.iar.ide.common.logging.Logger | traceFile | 197 | SDK location does not exist: null |
# !SESSION 2024-11-30 09:08:45.937
# version: 1.1
# verbose: true
# The following option strings are specified for this debug session:
# 	null
| Worker-4: Setup scanner extension configuration | 2024-11-30 09:08:45.937 | com.iar.ide.common | /debug | com.iar.ide.common.logging.Logger | traceFile | 197 | SDK location does not exist: null |
# !SESSION 2024-12-06 22:25:57.147
# version: 1.1
# verbose: true
# The following option strings are specified for this debug session:
# 	null
| Worker-2: Setup scanner extension configuration | 2024-12-06 22:25:57.147 | com.iar.ide.common | /debug | com.iar.ide.common.logging.Logger | traceFile | 197 | SDK location does not exist: null |
# !SESSION 2024-12-06 23:17:38.501
# version: 1.1
# verbose: true
# The following option strings are specified for this debug session:
# 	null
| Worker-1: Setup scanner extension configuration | 2024-12-06 23:17:38.501 | com.iar.ide.common | /debug | com.iar.ide.common.logging.Logger | traceFile | 197 | SDK location does not exist: null |
# !SESSION 2024-12-07 05:20:13.568
# version: 1.1
# verbose: true
# The following option strings are specified for this debug session:
# 	null
| Worker-2: Setup scanner extension configuration | 2024-12-07 05:20:13.568 | com.iar.ide.common | /debug | com.iar.ide.common.logging.Logger | traceFile | 197 | SDK location does not exist: null |
# !SESSION 2024-12-07 07:50:38.671
# version: 1.1
# verbose: true
# The following option strings are specified for this debug session:
# 	null
| Worker-0: Setup scanner extension configuration | 2024-12-07 07:50:38.671 | com.iar.ide.common | /debug | com.iar.ide.common.logging.Logger | traceFile | 197 | SDK location does not exist: null |
# !SESSION 2024-12-15 23:28:11.431
# version: 1.1
# verbose: true
# The following option strings are specified for this debug session:
# 	null
| Worker-1: Setup scanner extension configuration | 2024-12-15 23:28:11.431 | com.iar.ide.common | /debug | com.iar.ide.common.logging.Logger | traceFile | 197 | SDK location does not exist: null |
# !SESSION 2024-12-16 09:40:12.286
# version: 1.1
# verbose: true
# The following option strings are specified for this debug session:
# 	null
| Worker-2: Setup scanner extension configuration | 2024-12-16 09:40:12.286 | com.iar.ide.common | /debug | com.iar.ide.common.logging.Logger | traceFile | 197 | SDK location does not exist: null |
# !SESSION 2024-12-16 10:46:21.304
# version: 1.1
# verbose: true
# The following option strings are specified for this debug session:
# 	null
| Worker-0: Setup scanner extension configuration | 2024-12-16 10:46:21.304 | com.iar.ide.common | /debug | com.iar.ide.common.logging.Logger | traceFile | 197 | SDK location does not exist: null |
# !SESSION 2024-12-17 10:18:07.677
# version: 1.1
# verbose: true
# The following option strings are specified for this debug session:
# 	null
| Worker-2: Setup scanner extension configuration | 2024-12-17 10:18:07.677 | com.iar.ide.common | /debug | com.iar.ide.common.logging.Logger | traceFile | 197 | SDK location does not exist: null |
# !SESSION 2024-12-17 10:28:07.830
# version: 1.1
# verbose: true
# The following option strings are specified for this debug session:
# 	null
| Worker-2: Setup scanner extension configuration | 2024-12-17 10:28:07.830 | com.iar.ide.common | /debug | com.iar.ide.common.logging.Logger | traceFile | 197 | SDK location does not exist: null |
# !SESSION 2024-12-17 11:33:36.960
# version: 1.1
# verbose: true
# The following option strings are specified for this debug session:
# 	null
| Worker-2: Setup scanner extension configuration | 2024-12-17 11:33:36.960 | com.iar.ide.common | /debug | com.iar.ide.common.logging.Logger | traceFile | 197 | SDK location does not exist: null |
# !SESSION 2024-12-18 11:05:24.595
# version: 1.1
# verbose: true
# The following option strings are specified for this debug session:
# 	null
| Worker-0: Setup scanner extension configuration | 2024-12-18 11:05:24.595 | com.iar.ide.common | /debug | com.iar.ide.common.logging.Logger | traceFile | 197 | SDK location does not exist: null |
# !SESSION 2024-12-23 10:06:37.010
# version: 1.1
# verbose: true
# The following option strings are specified for this debug session:
# 	null
| Worker-1: Setup scanner extension configuration | 2024-12-23 10:06:37.010 | com.iar.ide.common | /debug | com.iar.ide.common.logging.Logger | traceFile | 197 | SDK location does not exist: null |
# !SESSION 2024-12-23 12:39:39.292
# version: 1.1
# verbose: true
# The following option strings are specified for this debug session:
# 	null
| Worker-2: Setup scanner extension configuration | 2024-12-23 12:39:39.292 | com.iar.ide.common | /debug | com.iar.ide.common.logging.Logger | traceFile | 197 | SDK location does not exist: null |
# !SESSION 2024-12-23 13:13:25.779
# version: 1.1
# verbose: true
# The following option strings are specified for this debug session:
# 	null
| Worker-1: Setup scanner extension configuration | 2024-12-23 13:13:25.779 | com.iar.ide.common | /debug | com.iar.ide.common.logging.Logger | traceFile | 197 | SDK location does not exist: null |
# !SESSION 2024-12-23 20:02:01.970
# version: 1.1
# verbose: true
# The following option strings are specified for this debug session:
# 	null
| Worker-1: Setup scanner extension configuration | 2024-12-23 20:02:01.970 | com.iar.ide.common | /debug | com.iar.ide.common.logging.Logger | traceFile | 197 | SDK location does not exist: null |
# !SESSION 2024-12-24 10:53:56.104
# version: 1.1
# verbose: true
# The following option strings are specified for this debug session:
# 	null
| Worker-2: Setup scanner extension configuration | 2024-12-24 10:53:56.104 | com.iar.ide.common | /debug | com.iar.ide.common.logging.Logger | traceFile | 197 | SDK location does not exist: null |
# !SESSION 2024-12-24 15:06:43.325
# version: 1.1
# verbose: true
# The following option strings are specified for this debug session:
# 	null
| Worker-2: Setup scanner extension configuration | 2024-12-24 15:06:43.325 | com.iar.ide.common | /debug | com.iar.ide.common.logging.Logger | traceFile | 197 | SDK location does not exist: null |
# !SESSION 2024-12-26 08:58:45.369
# version: 1.1
# verbose: true
# The following option strings are specified for this debug session:
# 	null
| Worker-2: Setup scanner extension configuration | 2024-12-26 08:58:45.369 | com.iar.ide.common | /debug | com.iar.ide.common.logging.Logger | traceFile | 197 | SDK location does not exist: null |
# !SESSION 2024-12-26 10:03:41.041
# version: 1.1
# verbose: true
# The following option strings are specified for this debug session:
# 	null
| Worker-0: Setup scanner extension configuration | 2024-12-26 10:03:41.041 | com.iar.ide.common | /debug | com.iar.ide.common.logging.Logger | traceFile | 197 | SDK location does not exist: null |
# !SESSION 2024-12-26 15:23:53.414
# version: 1.1
# verbose: true
# The following option strings are specified for this debug session:
# 	null
| Worker-2: Setup scanner extension configuration | 2024-12-26 15:23:53.414 | com.iar.ide.common | /debug | com.iar.ide.common.logging.Logger | traceFile | 197 | SDK location does not exist: null |
# !SESSION 2024-12-27 10:13:14.235
# version: 1.1
# verbose: true
# The following option strings are specified for this debug session:
# 	null
| Worker-9: Setup scanner extension configuration | 2024-12-27 10:13:14.235 | com.iar.ide.common | /debug | com.iar.ide.common.logging.Logger | traceFile | 197 | SDK location does not exist: null |
# !SESSION 2024-12-27 14:30:55.309
# version: 1.1
# verbose: true
# The following option strings are specified for this debug session:
# 	null
| Worker-0: Setup scanner extension configuration | 2024-12-27 14:30:55.309 | com.iar.ide.common | /debug | com.iar.ide.common.logging.Logger | traceFile | 197 | SDK location does not exist: null |
# !SESSION 2024-12-28 10:31:23.112
# version: 1.1
# verbose: true
# The following option strings are specified for this debug session:
# 	null
| Worker-0: Setup scanner extension configuration | 2024-12-28 10:31:23.112 | com.iar.ide.common | /debug | com.iar.ide.common.logging.Logger | traceFile | 197 | SDK location does not exist: null |
